# JRE version: Java(TM) SE Runtime Environment (8.0_111-b14) (build 1.8.0_111-b14)
# Java VM: Java HotSpot(TM) 64-Bit Server VM (25.111-b14 mixed mode windows-amd64 compressed oops)
Heap:
 PSYoungGen      total 51200K, used 46209K [0x00000000e0d80000, 0x00000000e5700000, 0x0000000100000000)
  eden space 47616K, 89% used [0x00000000e0d80000,0x00000000e3728730,0x00000000e3c00000)
  from space 3584K, 99% used [0x00000000e3d80000,0x00000000e40f8040,0x00000000e4100000)
  to   space 13824K, 0% used [0x00000000e4980000,0x00000000e4980000,0x00000000e5700000)
 ParOldGen       total 64512K, used 13226K [0x00000000a2800000, 0x00000000a6700000, 0x00000000e0d80000)
  object space 64512K, 20% used [0x00000000a2800000,0x00000000a34eab10,0x00000000a6700000)
 Metaspace       used 19799K, capacity 20698K, committed 20864K, reserved 1067008K
  class space    used 2708K, capacity 2925K, committed 2944K, reserved 1048576K
GC Heap History (10 events):
Event: 1.284 GC heap before
{Heap before GC invocations=1 (full 0):
 PSYoungGen      total 28160K, used 24576K [0x00000000e0d80000, 0x00000000e2c80000, 0x0000000100000000)
  eden space 24576K, 100% used [0x00000000e0d80000,0x00000000e2580000,0x00000000e2580000)
  from space 3584K, 0% used [0x00000000e2900000,0x00000000e2900000,0x00000000e2c80000)
  to   space 3584K, 0% used [0x00000000e2580000,0x00000000e2580000,0x00000000e2900000)
 ParOldGen       total 64512K, used 0K [0x00000000a2800000, 0x00000000a6700000, 0x00000000e0d80000)
  object space 64512K, 0% used [0x00000000a2800000,0x00000000a2800000,0x00000000a6700000)
 Metaspace       used 11146K, capacity 11558K, committed 11904K, reserved 1058816K
  class space    used 1470K, capacity 1603K, committed 1664K, reserved 1048576K
Event: 1.298 GC heap after
Heap after GC invocations=1 (full 0):
 PSYoungGen      total 28160K, used 3580K [0x00000000e0d80000, 0x00000000e4480000, 0x0000000100000000)
  eden space 24576K, 0% used [0x00000000e0d80000,0x00000000e0d80000,0x00000000e2580000)
  from space 3584K, 99% used [0x00000000e2580000,0x00000000e28ff270,0x00000000e2900000)
  to   space 3584K, 0% used [0x00000000e4100000,0x00000000e4100000,0x00000000e4480000)
 ParOldGen       total 64512K, used 616K [0x00000000a2800000, 0x00000000a6700000, 0x00000000e0d80000)
  object space 64512K, 0% used [0x00000000a2800000,0x00000000a289a0f8,0x00000000a6700000)
 Metaspace       used 11146K, capacity 11558K, committed 11904K, reserved 1058816K
  class space    used 1470K, capacity 1603K, committed 1664K, reserved 1048576K
}
Event: 1.554 GC heap before
{Heap before GC invocations=2 (full 0):
 PSYoungGen      total 28160K, used 28156K [0x00000000e0d80000, 0x00000000e4480000, 0x0000000100000000)
  eden space 24576K, 100% used [0x00000000e0d80000,0x00000000e2580000,0x00000000e2580000)
  from space 3584K, 99% used [0x00000000e2580000,0x00000000e28ff270,0x00000000e2900000)
  to   space 3584K, 0% used [0x00000000e4100000,0x00000000e4100000,0x00000000e4480000)
 ParOldGen       total 64512K, used 616K [0x00000000a2800000, 0x00000000a6700000, 0x00000000e0d80000)
  object space 64512K, 0% used [0x00000000a2800000,0x00000000a289a0f8,0x00000000a6700000)
 Metaspace       used 11876K, capacity 12282K, committed 12544K, reserved 1060864K
  class space    used 1597K, capacity 1717K, committed 1792K, reserved 1048576K
Event: 1.559 GC heap after
Heap after GC invocations=2 (full 0):
 PSYoungGen      total 52736K, used 3569K [0x00000000e0d80000, 0x00000000e4480000, 0x0000000100000000)
  eden space 49152K, 0% used [0x00000000e0d80000,0x00000000e0d80000,0x00000000e3d80000)
  from space 3584K, 99% used [0x00000000e4100000,0x00000000e447c5a8,0x00000000e4480000)
  to   space 3584K, 0% used [0x00000000e3d80000,0x00000000e3d80000,0x00000000e4100000)
 ParOldGen       total 64512K, used 3009K [0x00000000a2800000, 0x00000000a6700000, 0x00000000e0d80000)
  object space 64512K, 4% used [0x00000000a2800000,0x00000000a2af0718,0x00000000a6700000)
 Metaspace       used 11876K, capacity 12282K, committed 12544K, reserved 1060864K
  class space    used 1597K, capacity 1717K, committed 1792K, reserved 1048576K
}
Event: 7.309 GC heap before
{Heap before GC invocations=3 (full 0):
 PSYoungGen      total 52736K, used 52721K [0x00000000e0d80000, 0x00000000e4480000, 0x0000000100000000)
  eden space 49152K, 100% used [0x00000000e0d80000,0x00000000e3d80000,0x00000000e3d80000)
  from space 3584K, 99% used [0x00000000e4100000,0x00000000e447c5a8,0x00000000e4480000)
  to   space 3584K, 0% used [0x00000000e3d80000,0x00000000e3d80000,0x00000000e4100000)
 ParOldGen       total 64512K, used 3009K [0x00000000a2800000, 0x00000000a6700000, 0x00000000e0d80000)
  object space 64512K, 4% used [0x00000000a2800000,0x00000000a2af0718,0x00000000a6700000)
 Metaspace       used 19363K, capacity 20176K, committed 20352K, reserved 1067008K
  class space    used 2689K, capacity 2882K, committed 2944K, reserved 1048576K
Event: 7.326 GC heap after
Heap after GC invocations=3 (full 0):
 PSYoungGen      total 52736K, used 3568K [0x00000000e0d80000, 0x00000000e4480000, 0x0000000100000000)
  eden space 49152K, 0% used [0x00000000e0d80000,0x00000000e0d80000,0x00000000e3d80000)
  from space 3584K, 99% used [0x00000000e3d80000,0x00000000e40fc050,0x00000000e4100000)
  to   space 3584K, 0% used [0x00000000e4100000,0x00000000e4100000,0x00000000e4480000)
 ParOldGen       total 64512K, used 12944K [0x00000000a2800000, 0x00000000a6700000, 0x00000000e0d80000)
  object space 64512K, 20% used [0x00000000a2800000,0x00000000a34a4240,0x00000000a6700000)
 Metaspace       used 19363K, capacity 20176K, committed 20352K, reserved 1067008K
  class space    used 2689K, capacity 2882K, committed 2944K, reserved 1048576K
}
Event: 17.854 GC heap before
{Heap before GC invocations=4 (full 0):
 PSYoungGen      total 52736K, used 52720K [0x00000000e0d80000, 0x00000000e4480000, 0x0000000100000000)
  eden space 49152K, 100% used [0x00000000e0d80000,0x00000000e3d80000,0x00000000e3d80000)
  from space 3584K, 99% used [0x00000000e3d80000,0x00000000e40fc050,0x00000000e4100000)
  to   space 3584K, 0% used [0x00000000e4100000,0x00000000e4100000,0x00000000e4480000)
 ParOldGen       total 64512K, used 12944K [0x00000000a2800000, 0x00000000a6700000, 0x00000000e0d80000)
  object space 64512K, 20% used [0x00000000a2800000,0x00000000a34a4240,0x00000000a6700000)
 Metaspace       used 19788K, capacity 20698K, committed 20864K, reserved 1067008K
  class space    used 2708K, capacity 2925K, committed 2944K, reserved 1048576K
Event: 17.875 GC heap after
Heap after GC invocations=4 (full 0):
 PSYoungGen      total 52736K, used 3568K [0x00000000e0d80000, 0x00000000e4480000, 0x0000000100000000)
  eden space 49152K, 0% used [0x00000000e0d80000,0x00000000e0d80000,0x00000000e3d80000)
  from space 3584K, 99% used [0x00000000e4100000,0x00000000e447c030,0x00000000e4480000)
  to   space 3584K, 0% used [0x00000000e3d80000,0x00000000e3d80000,0x00000000e4100000)
 ParOldGen       total 64512K, used 13146K [0x00000000a2800000, 0x00000000a6700000, 0x00000000e0d80000)
  object space 64512K, 20% used [0x00000000a2800000,0x00000000a34d6b10,0x00000000a6700000)
 Metaspace       used 19788K, capacity 20698K, committed 20864K, reserved 1067008K
  class space    used 2708K, capacity 2925K, committed 2944K, reserved 1048576K
}
Event: 28.923 GC heap before
{Heap before GC invocations=5 (full 0):
 PSYoungGen      total 52736K, used 52720K [0x00000000e0d80000, 0x00000000e4480000, 0x0000000100000000)
  eden space 49152K, 100% used [0x00000000e0d80000,0x00000000e3d80000,0x00000000e3d80000)
  from space 3584K, 99% used [0x00000000e4100000,0x00000000e447c030,0x00000000e4480000)
  to   space 3584K, 0% used [0x00000000e3d80000,0x00000000e3d80000,0x00000000e4100000)
 ParOldGen       total 64512K, used 13146K [0x00000000a2800000, 0x00000000a6700000, 0x00000000e0d80000)
  object space 64512K, 20% used [0x00000000a2800000,0x00000000a34d6b10,0x00000000a6700000)
 Metaspace       used 19796K, capacity 20698K, committed 20864K, reserved 1067008K
  class space    used 2708K, capacity 2925K, committed 2944K, reserved 1048576K
Event: 28.948 GC heap after
Heap after GC invocations=5 (full 0):
 PSYoungGen      total 51200K, used 3552K [0x00000000e0d80000, 0x00000000e5700000, 0x0000000100000000)
  eden space 47616K, 0% used [0x00000000e0d80000,0x00000000e0d80000,0x00000000e3c00000)
  from space 3584K, 99% used [0x00000000e3d80000,0x00000000e40f8040,0x00000000e4100000)
  to   space 13824K, 0% used [0x00000000e4980000,0x00000000e4980000,0x00000000e5700000)
 ParOldGen       total 64512K, used 13226K [0x00000000a2800000, 0x00000000a6700000, 0x00000000e0d80000)
  object space 64512K, 20% used [0x00000000a2800000,0x00000000a34eab10,0x00000000a6700000)
 Metaspace       used 19796K, capacity 20698K, committed 20864K, reserved 1067008K
  class space    used 2708K, capacity 2925K, committed 2944K, reserved 1048576K
}

